<?xml version="1.0" encoding="UTF-8"?>
<testng-results ignored="0" total="2" passed="2" failed="0" skipped="0">
  <reporter-output>
  </reporter-output>
  <suite started-at="2022-08-02T18:04:23 IST" name="Suite" finished-at="2022-08-02T18:04:27 IST" duration-ms="4024">
    <groups>
    </groups>
    <test started-at="2022-08-02T18:04:23 IST" name="Test" finished-at="2022-08-02T18:04:27 IST" duration-ms="4024">
      <class name="com.test.testcase_02">
        <test-method signature="TestCase_02()[pri:0, instance:com.test.testcase_02@50b472aa]" started-at="2022-08-02T18:04:25 IST" name="TestCase_02" finished-at="2022-08-02T18:04:27 IST" duration-ms="1330" status="PASS">
          <reporter-output>
          </reporter-output>
        </test-method> <!-- TestCase_02 -->
      </class> <!-- com.test.testcase_02 -->
      <class name="com.test.testcase_01">
        <test-method signature="TestCase_01()[pri:0, instance:com.test.testcase_01@5c30a9b0]" started-at="2022-08-02T18:04:23 IST" name="TestCase_01" finished-at="2022-08-02T18:04:25 IST" duration-ms="2669" status="PASS">
          <reporter-output>
          </reporter-output>
        </test-method> <!-- TestCase_01 -->
      </class> <!-- com.test.testcase_01 -->
    </test> <!-- Test -->
  </suite> <!-- Suite -->
</testng-results>
